2021-09-08 12:12:44.926  INFO 10860 --- [restartedMain] c.e.c.CompanyEmployeeSpringApplication   : Starting CompanyEmployeeSpringApplication using Java 11.0.12 on DESKTOP-OAUS2G1 with PID 10860 (D:\java 2021\myProjects\company-employee-spring\target\classes started by User in D:\java 2021\myProjects\company-employee-spring)
2021-09-08 12:12:44.926  INFO 10860 --- [restartedMain] c.e.c.CompanyEmployeeSpringApplication   : No active profile set, falling back to default profiles: default
2021-09-08 12:12:45.235  INFO 10860 --- [restartedMain] .s.d.r.c.RepositoryConfigurationDelegate : Bootstrapping Spring Data JPA repositories in DEFAULT mode.
2021-09-08 12:12:45.251  INFO 10860 --- [restartedMain] .s.d.r.c.RepositoryConfigurationDelegate : Finished Spring Data repository scanning in 23 ms. Found 5 JPA repository interfaces.
2021-09-08 12:12:45.422  INFO 10860 --- [restartedMain] o.s.b.w.embedded.tomcat.TomcatWebServer  : Tomcat initialized with port(s): 8080 (http)
2021-09-08 12:12:45.422  INFO 10860 --- [restartedMain] o.apache.catalina.core.StandardService   : Starting service [Tomcat]
2021-09-08 12:12:45.422  INFO 10860 --- [restartedMain] org.apache.catalina.core.StandardEngine  : Starting Servlet engine: [Apache Tomcat/9.0.52]
2021-09-08 12:12:45.454  INFO 10860 --- [restartedMain] o.a.c.c.C.[Tomcat].[localhost].[/]       : Initializing Spring embedded WebApplicationContext
2021-09-08 12:12:45.454  INFO 10860 --- [restartedMain] w.s.c.ServletWebServerApplicationContext : Root WebApplicationContext: initialization completed in 519 ms
2021-09-08 12:12:45.516  INFO 10860 --- [restartedMain] o.hibernate.jpa.internal.util.LogHelper  : HHH000204: Processing PersistenceUnitInfo [name: default]
2021-09-08 12:12:45.516  INFO 10860 --- [restartedMain] com.zaxxer.hikari.HikariDataSource       : HikariPool-2 - Starting...
2021-09-08 12:12:45.557  INFO 10860 --- [restartedMain] com.zaxxer.hikari.HikariDataSource       : HikariPool-2 - Start completed.
2021-09-08 12:12:45.557  INFO 10860 --- [restartedMain] org.hibernate.dialect.Dialect            : HHH000400: Using dialect: org.hibernate.dialect.MySQL8Dialect
2021-09-08 12:12:45.717  INFO 10860 --- [restartedMain] o.h.e.t.j.p.i.JtaPlatformInitiator       : HHH000490: Using JtaPlatform implementation: [org.hibernate.engine.transaction.jta.platform.internal.NoJtaPlatform]
2021-09-08 12:12:45.717  INFO 10860 --- [restartedMain] j.LocalContainerEntityManagerFactoryBean : Initialized JPA EntityManagerFactory for persistence unit 'default'
2021-09-08 12:12:45.749  WARN 10860 --- [restartedMain] JpaBaseConfiguration$JpaWebConfiguration : spring.jpa.open-in-view is enabled by default. Therefore, database queries may be performed during view rendering. Explicitly configure spring.jpa.open-in-view to disable this warning
2021-09-08 12:12:46.018  INFO 10860 --- [restartedMain] o.s.b.a.w.s.WelcomePageHandlerMapping    : Adding welcome page template: index
2021-09-08 12:12:46.081  INFO 10860 --- [restartedMain] o.s.s.web.DefaultSecurityFilterChain     : Will secure any request with [org.springframework.security.web.context.request.async.WebAsyncManagerIntegrationFilter@76a20d25, org.springframework.security.web.context.SecurityContextPersistenceFilter@6f263dd1, org.springframework.security.web.header.HeaderWriterFilter@7ec560a9, org.springframework.security.web.authentication.logout.LogoutFilter@471a1428, org.springframework.security.web.authentication.UsernamePasswordAuthenticationFilter@6641c89f, org.springframework.security.web.authentication.ui.DefaultLoginPageGeneratingFilter@4546975c, org.springframework.security.web.authentication.ui.DefaultLogoutPageGeneratingFilter@5341616b, org.springframework.security.web.savedrequest.RequestCacheAwareFilter@234feb21, org.springframework.security.web.servletapi.SecurityContextHolderAwareRequestFilter@76da17c9, org.springframework.security.web.authentication.AnonymousAuthenticationFilter@1be670b0, org.springframework.security.web.session.SessionManagementFilter@15e4c97f, org.springframework.security.web.access.ExceptionTranslationFilter@7dd62e6a, org.springframework.security.web.access.intercept.FilterSecurityInterceptor@689dcd7]
2021-09-08 12:12:46.096  INFO 10860 --- [restartedMain] o.s.b.d.a.OptionalLiveReloadServer       : LiveReload server is running on port 35729
2021-09-08 12:12:46.113  INFO 10860 --- [restartedMain] o.s.b.w.embedded.tomcat.TomcatWebServer  : Tomcat started on port(s): 8080 (http) with context path ''
2021-09-08 12:12:46.129  INFO 10860 --- [restartedMain] c.e.c.CompanyEmployeeSpringApplication   : Started CompanyEmployeeSpringApplication in 1.298 seconds (JVM running for 2077.168)
2021-09-08 12:12:46.151  INFO 10860 --- [restartedMain] .ConditionEvaluationDeltaLoggingListener : Condition evaluation unchanged
2021-09-08 12:12:47.613  INFO 10860 --- [Thread-7] j.LocalContainerEntityManagerFactoryBean : Closing JPA EntityManagerFactory for persistence unit 'default'
2021-09-08 12:12:47.613  INFO 10860 --- [Thread-7] com.zaxxer.hikari.HikariDataSource       : HikariPool-2 - Shutdown initiated...
2021-09-08 12:12:47.628  INFO 10860 --- [Thread-7] com.zaxxer.hikari.HikariDataSource       : HikariPool-2 - Shutdown completed.
2021-09-08 12:12:47.690  INFO 10860 --- [restartedMain] c.e.c.CompanyEmployeeSpringApplication   : Starting CompanyEmployeeSpringApplication using Java 11.0.12 on DESKTOP-OAUS2G1 with PID 10860 (D:\java 2021\myProjects\company-employee-spring\target\classes started by User in D:\java 2021\myProjects\company-employee-spring)
2021-09-08 12:12:47.690  INFO 10860 --- [restartedMain] c.e.c.CompanyEmployeeSpringApplication   : No active profile set, falling back to default profiles: default
2021-09-08 12:12:47.852  INFO 10860 --- [restartedMain] .s.d.r.c.RepositoryConfigurationDelegate : Bootstrapping Spring Data JPA repositories in DEFAULT mode.
2021-09-08 12:12:47.868  INFO 10860 --- [restartedMain] .s.d.r.c.RepositoryConfigurationDelegate : Finished Spring Data repository scanning in 19 ms. Found 5 JPA repository interfaces.
2021-09-08 12:12:47.963  INFO 10860 --- [restartedMain] o.s.b.w.embedded.tomcat.TomcatWebServer  : Tomcat initialized with port(s): 8080 (http)
2021-09-08 12:12:47.963  INFO 10860 --- [restartedMain] o.apache.catalina.core.StandardService   : Starting service [Tomcat]
2021-09-08 12:12:47.963  INFO 10860 --- [restartedMain] org.apache.catalina.core.StandardEngine  : Starting Servlet engine: [Apache Tomcat/9.0.52]
2021-09-08 12:12:47.979  INFO 10860 --- [restartedMain] o.a.c.c.C.[Tomcat].[localhost].[/]       : Initializing Spring embedded WebApplicationContext
2021-09-08 12:12:47.979  INFO 10860 --- [restartedMain] w.s.c.ServletWebServerApplicationContext : Root WebApplicationContext: initialization completed in 289 ms
2021-09-08 12:12:47.994  INFO 10860 --- [restartedMain] o.hibernate.jpa.internal.util.LogHelper  : HHH000204: Processing PersistenceUnitInfo [name: default]
2021-09-08 12:12:48.010  INFO 10860 --- [restartedMain] com.zaxxer.hikari.HikariDataSource       : HikariPool-3 - Starting...
2021-09-08 12:12:48.025  INFO 10860 --- [restartedMain] com.zaxxer.hikari.HikariDataSource       : HikariPool-3 - Start completed.
2021-09-08 12:12:48.025  INFO 10860 --- [restartedMain] org.hibernate.dialect.Dialect            : HHH000400: Using dialect: org.hibernate.dialect.MySQL8Dialect
2021-09-08 12:12:48.135  INFO 10860 --- [restartedMain] o.h.e.t.j.p.i.JtaPlatformInitiator       : HHH000490: Using JtaPlatform implementation: [org.hibernate.engine.transaction.jta.platform.internal.NoJtaPlatform]
2021-09-08 12:12:48.135  INFO 10860 --- [restartedMain] j.LocalContainerEntityManagerFactoryBean : Initialized JPA EntityManagerFactory for persistence unit 'default'
2021-09-08 12:12:48.166  WARN 10860 --- [restartedMain] JpaBaseConfiguration$JpaWebConfiguration : spring.jpa.open-in-view is enabled by default. Therefore, database queries may be performed during view rendering. Explicitly configure spring.jpa.open-in-view to disable this warning
2021-09-08 12:12:48.342  INFO 10860 --- [restartedMain] o.s.b.a.w.s.WelcomePageHandlerMapping    : Adding welcome page template: index
2021-09-08 12:12:48.388  INFO 10860 --- [restartedMain] o.s.s.web.DefaultSecurityFilterChain     : Will secure any request with [org.springframework.security.web.context.request.async.WebAsyncManagerIntegrationFilter@14550988, org.springframework.security.web.context.SecurityContextPersistenceFilter@7bc306e, org.springframework.security.web.header.HeaderWriterFilter@75613665, org.springframework.security.web.authentication.logout.LogoutFilter@3e82de96, org.springframework.security.web.authentication.UsernamePasswordAuthenticationFilter@3f7cd59e, org.springframework.security.web.authentication.ui.DefaultLoginPageGeneratingFilter@1c192e3b, org.springframework.security.web.authentication.ui.DefaultLogoutPageGeneratingFilter@48976557, org.springframework.security.web.savedrequest.RequestCacheAwareFilter@368edcd, org.springframework.security.web.servletapi.SecurityContextHolderAwareRequestFilter@7fc631db, org.springframework.security.web.authentication.AnonymousAuthenticationFilter@4cd99e9a, org.springframework.security.web.session.SessionManagementFilter@bdd1c24, org.springframework.security.web.access.ExceptionTranslationFilter@567a5549, org.springframework.security.web.access.intercept.FilterSecurityInterceptor@4cc91077]
2021-09-08 12:12:48.388  INFO 10860 --- [restartedMain] o.s.b.d.a.OptionalLiveReloadServer       : LiveReload server is running on port 35729
2021-09-08 12:12:48.404  INFO 10860 --- [restartedMain] o.s.b.w.embedded.tomcat.TomcatWebServer  : Tomcat started on port(s): 8080 (http) with context path ''
2021-09-08 12:12:48.420  INFO 10860 --- [restartedMain] c.e.c.CompanyEmployeeSpringApplication   : Started CompanyEmployeeSpringApplication in 0.754 seconds (JVM running for 2079.453)
2021-09-08 12:12:48.435  INFO 10860 --- [restartedMain] .ConditionEvaluationDeltaLoggingListener : Condition evaluation unchanged
2021-09-08 12:14:13.463  INFO 10860 --- [Thread-11] j.LocalContainerEntityManagerFactoryBean : Closing JPA EntityManagerFactory for persistence unit 'default'
2021-09-08 12:14:13.463  INFO 10860 --- [Thread-11] com.zaxxer.hikari.HikariDataSource       : HikariPool-3 - Shutdown initiated...
2021-09-08 12:14:13.479  INFO 10860 --- [Thread-11] com.zaxxer.hikari.HikariDataSource       : HikariPool-3 - Shutdown completed.
